<?xml version="1.0" encoding="UTF-8"?>
<!-- Generated by org.testng.reporters.JUnitReportReporter -->
<testsuite skipped="0" hostname="sha-lri-pc-256" name="com.test.webdriver.day4.TestLog" tests="2" failures="0" timestamp="26 Jan 2018 07:12:21 GMT" time="0.007" errors="0">
  <testcase name="testLog4j" time="0.007" classname="com.test.webdriver.day4.TestLog"/>
  <testcase name="testNgLog" time="0.000" classname="com.test.webdriver.day4.TestLog"/>
</testsuite> <!-- com.test.webdriver.day4.TestLog -->
