<?xml version="1.0" encoding="UTF-8"?>
<!-- Generated by org.testng.reporters.JUnitReportReporter -->
<testsuite skipped="0" hostname="sha-lri-pc-256" name="com.test.webdriver.day4.AssignmentDemo1" tests="1" failures="0" timestamp="02 Feb 2018 10:11:07 GMT" time="12.893" errors="0">
  <testcase name="loginTest" time="12.893" classname="com.test.webdriver.day4.AssignmentDemo1"/>
</testsuite> <!-- com.test.webdriver.day4.AssignmentDemo1 -->
