<?xml version="1.0" encoding="UTF-8"?>
<!-- Generated by org.testng.reporters.JUnitReportReporter -->
<testsuite skipped="0" hostname="sha-lri-pc-256" name="com.test.webdriver.AssignmentDemo1" tests="1" failures="0" timestamp="23 Jan 2018 12:37:26 GMT" time="7.897" errors="0">
  <testcase name="loginTest" time="7.897" classname="com.test.webdriver.AssignmentDemo1"/>
</testsuite> <!-- com.test.webdriver.AssignmentDemo1 -->
