<?xml version="1.0" encoding="UTF-8"?>
<!-- Generated by org.testng.reporters.JUnitReportReporter -->
<testsuite skipped="0" hostname="sha-lri-pc-256" name="com.test.webdriver.day4.TestLog" tests="3" failures="0" timestamp="29 Jan 2018 04:23:13 GMT" time="0.008" errors="0">
  <testcase name="testLog4j" time="0.001" classname="com.test.webdriver.day4.TestLog"/>
  <testcase name="testDefinedLog" time="0.006" classname="com.test.webdriver.day4.TestLog"/>
  <testcase name="testNgLog" time="0.001" classname="com.test.webdriver.day4.TestLog"/>
</testsuite> <!-- com.test.webdriver.day4.TestLog -->
