<?xml version="1.0" encoding="UTF-8"?>
<!-- Generated by org.testng.reporters.JUnitReportReporter -->
<testsuite skipped="0" hostname="sha-lri-pc-256" name="com.test.TestNG.TestDataDriven" tests="6" failures="0" timestamp="18 Jan 2018 08:09:13 GMT" time="0.009" errors="0">
  <testcase name="testDataDriven" time="0.006" classname="com.test.TestNG.TestDataDriven"/>
  <testcase name="testDataDriven2" time="0.001" classname="com.test.TestNG.TestDataDriven"/>
  <testcase name="testDataDriven" time="0.000" classname="com.test.TestNG.TestDataDriven"/>
  <testcase name="testDataDriven2" time="0.001" classname="com.test.TestNG.TestDataDriven"/>
  <testcase name="testDataDriven" time="0.001" classname="com.test.TestNG.TestDataDriven"/>
  <testcase name="testDataDriven2" time="0.000" classname="com.test.TestNG.TestDataDriven"/>
</testsuite> <!-- com.test.TestNG.TestDataDriven -->
