<?xml version="1.0" encoding="UTF-8"?>
<!-- Generated by org.testng.reporters.JUnitReportReporter -->
<testsuite skipped="0" hostname="sha-lri-pc-256" name="com.test.TestNG.TestTestNG" tests="1" failures="0" timestamp="18 Jan 2018 08:09:13 GMT" time="0.001" errors="0">
  <testcase name="testMethod" time="0.001" classname="com.test.TestNG.TestTestNG"/>
</testsuite> <!-- com.test.TestNG.TestTestNG -->
