<?xml version="1.0" encoding="UTF-8"?>
<!-- Generated by org.testng.reporters.JUnitReportReporter -->
<testsuite skipped="0" hostname="sha-lri-pc-256" name="com.test.webdriver.Chrome_AR" tests="1" failures="0" timestamp="20 Jan 2018 08:39:50 GMT" time="10.231" errors="0">
  <testcase name="addAllReturn" time="10.231" classname="com.test.webdriver.Chrome_AR"/>
</testsuite> <!-- com.test.webdriver.Chrome_AR -->
