<?xml version="1.0" encoding="UTF-8"?>
<!-- Generated by org.testng.reporters.JUnitReportReporter -->
<testsuite skipped="0" hostname="sha-lri-pc-256" name="com.test.webdriver.AR_Entity" tests="1" failures="0" timestamp="20 Jan 2018 11:21:57 GMT" time="13.073" errors="0">
  <testcase name="addAllReturn" time="13.073" classname="com.test.webdriver.AR_Entity"/>
</testsuite> <!-- com.test.webdriver.AR_Entity -->
