<?xml version="1.0" encoding="UTF-8"?>
<!-- Generated by org.testng.reporters.JUnitReportReporter -->
<testsuite skipped="0" hostname="sha-lri-pc-256" name="com.test.webdriver.day4.TestBaiduPage" tests="1" failures="0" timestamp="31 Jan 2018 09:08:04 GMT" time="6.380" errors="0">
  <testcase name="test" time="6.380" classname="com.test.webdriver.day4.TestBaiduPage"/>
</testsuite> <!-- com.test.webdriver.day4.TestBaiduPage -->
