<?xml version="1.0" encoding="UTF-8"?>
<!-- Generated by org.testng.reporters.JUnitReportReporter -->
<testsuite skipped="0" hostname="sha-lri-pc-256" name="com.test.webdriver.PhpTestDemo1" tests="1" failures="0" timestamp="19 Jan 2018 02:56:30 GMT" time="4.865" errors="0">
  <testcase name="testDemo" time="4.865" classname="com.test.webdriver.PhpTestDemo1"/>
</testsuite> <!-- com.test.webdriver.PhpTestDemo1 -->
